<?xml version="1.0" encoding="UTF-8"?>
<!-- Generated by org.testng.reporters.JUnitReportReporter -->
<<<<<<< HEAD
<testsuite skipped="0" hostname="pinaki-PC" name="com.org.UI5ExploredBasicStep.CreateTest" tests="5" failures="0" timestamp="06 Jun 2018 04:04:19 GMT" time="9.564" errors="0">
  <testcase name="navToCreateCredPage" time="0.262" classname="com.org.UI5ExploredBasicStep.CreateTest"/>
  <testcase name="fillData" time="1.263" classname="com.org.UI5ExploredBasicStep.CreateTest"/>
  <testcase name="resetFilledData" time="0.201" classname="com.org.UI5ExploredBasicStep.CreateTest"/>
  <testcase name="saveData" time="3.741" classname="com.org.UI5ExploredBasicStep.CreateTest"/>
  <testcase name="closeTab" time="4.097" classname="com.org.UI5ExploredBasicStep.CreateTest"/>
=======
<testsuite skipped="0" hostname="pinaki-PC" name="com.org.UI5ExploredBasicStep.CreateTest" tests="5" failures="0" timestamp="06 Jun 2018 03:25:38 GMT" time="10.289" errors="0">
  <testcase name="navToCreateCredPage" time="0.267" classname="com.org.UI5ExploredBasicStep.CreateTest"/>
  <testcase name="fillData" time="1.261" classname="com.org.UI5ExploredBasicStep.CreateTest"/>
  <testcase name="resetFilledData" time="0.176" classname="com.org.UI5ExploredBasicStep.CreateTest"/>
  <testcase name="saveData" time="4.517" classname="com.org.UI5ExploredBasicStep.CreateTest"/>
  <testcase name="closeTab" time="4.068" classname="com.org.UI5ExploredBasicStep.CreateTest"/>
>>>>>>> master
</testsuite> <!-- com.org.UI5ExploredBasicStep.CreateTest -->
