<?xml version="1.0" encoding="UTF-8"?>
<!-- Generated by org.testng.reporters.JUnitReportReporter -->
<testsuite skipped="0" hostname="pinaki-PC" name="com.org.UI5ExploredBasicStep.CreateTest" tests="7" failures="0" timestamp="06 Jun 2018 06:22:47 GMT" time="25.941" errors="0">
  <testcase name="navToCreateCredPage" time="0.249" classname="com.org.UI5ExploredBasicStep.CreateTest"/>
  <testcase name="fillData" time="1.621" classname="com.org.UI5ExploredBasicStep.CreateTest"/>
  <testcase name="resetFilledData" time="0.354" classname="com.org.UI5ExploredBasicStep.CreateTest"/>
  <testcase name="saveData" time="4.997" classname="com.org.UI5ExploredBasicStep.CreateTest"/>
  <testcase name="editCreatedData" time="3.580" classname="com.org.UI5ExploredBasicStep.CreateTest"/>
  <testcase name="createRandomRecordsAndSearch" time="13.138" classname="com.org.UI5ExploredBasicStep.CreateTest"/>
  <testcase name="closeTab" time="2.002" classname="com.org.UI5ExploredBasicStep.CreateTest"/>
</testsuite> <!-- com.org.UI5ExploredBasicStep.CreateTest -->
